<?xml version="1.0" encoding="UTF-8"?>
<testng-results skipped="0" failed="1" ignored="0" total="1" passed="0">
  <reporter-output>
  </reporter-output>
  <suite name="Suite" duration-ms="184076" started-at="2018-09-27T12:55:24Z" finished-at="2018-09-27T12:58:28Z">
    <groups>
    </groups>
    <test name="Test" duration-ms="184076" started-at="2018-09-27T12:55:24Z" finished-at="2018-09-27T12:58:28Z">
      <class name="com.michaels.mobile.test.TC29_PLPShopByTest">
        <test-method status="PASS" signature="intializingDriver()[pri:0, instance:com.michaels.mobile.test.TC29_PLPShopByTest@4eb7f003]" name="intializingDriver" is-config="true" duration-ms="66192" started-at="2018-09-27T12:55:24Z" finished-at="2018-09-27T12:56:30Z">
          <reporter-output>
          </reporter-output>
        </test-method> <!-- intializingDriver -->
        <test-method status="PASS" signature="setUpPage()[pri:0, instance:com.michaels.mobile.test.TC29_PLPShopByTest@4eb7f003]" name="setUpPage" is-config="true" duration-ms="2220" started-at="2018-09-27T12:56:30Z" finished-at="2018-09-27T12:56:33Z">
          <reporter-output>
          </reporter-output>
        </test-method> <!-- setUpPage -->
        <test-method status="FAIL" signature="tc29_pLPShopByTest()[pri:0, instance:com.michaels.mobile.test.TC29_PLPShopByTest@4eb7f003]" name="tc29_pLPShopByTest" duration-ms="105109" started-at="2018-09-27T12:56:33Z" finished-at="2018-09-27T12:58:18Z">
          <exception class="java.lang.AssertionError">
            <message>
              <![CDATA[******* Test Case FAILED ******* tc29_pLPShopByTest expected [true] but found [false]]]>
            </message>
            <full-stacktrace>
              <![CDATA[java.lang.AssertionError: ******* Test Case FAILED ******* tc29_pLPShopByTest expected [true] but found [false]
at org.testng.Assert.fail(Assert.java:96)
at org.testng.Assert.failNotEquals(Assert.java:776)
at org.testng.Assert.assertTrue(Assert.java:44)
at com.michaels.mobile.test.DriverTest.failTestCase(DriverTest.java:114)
at com.michaels.mobile.test.TC29_PLPShopByTest.tc29_pLPShopByTest(TC29_PLPShopByTest.java:39)
at sun.reflect.NativeMethodAccessorImpl.invoke0(Native Method)
at sun.reflect.NativeMethodAccessorImpl.invoke(Unknown Source)
at sun.reflect.DelegatingMethodAccessorImpl.invoke(Unknown Source)
at java.lang.reflect.Method.invoke(Unknown Source)
at org.testng.internal.MethodInvocationHelper.invokeMethod(MethodInvocationHelper.java:124)
at org.testng.internal.Invoker.invokeMethod(Invoker.java:580)
at org.testng.internal.Invoker.invokeTestMethod(Invoker.java:716)
at org.testng.internal.Invoker.invokeTestMethods(Invoker.java:988)
at org.testng.internal.TestMethodWorker.invokeTestMethods(TestMethodWorker.java:125)
at org.testng.internal.TestMethodWorker.run(TestMethodWorker.java:109)
at org.testng.TestRunner.privateRun(TestRunner.java:648)
at org.testng.TestRunner.run(TestRunner.java:505)
at org.testng.SuiteRunner.runTest(SuiteRunner.java:455)
at org.testng.SuiteRunner.runSequentially(SuiteRunner.java:450)
at org.testng.SuiteRunner.privateRun(SuiteRunner.java:415)
at org.testng.SuiteRunner.run(SuiteRunner.java:364)
at org.testng.SuiteRunnerWorker.runSuite(SuiteRunnerWorker.java:52)
at org.testng.SuiteRunnerWorker.run(SuiteRunnerWorker.java:84)
at org.testng.TestNG.runSuitesSequentially(TestNG.java:1208)
at org.testng.TestNG.runSuitesLocally(TestNG.java:1137)
at org.testng.TestNG.runSuites(TestNG.java:1049)
at org.testng.TestNG.run(TestNG.java:1017)
at org.testng.remote.AbstractRemoteTestNG.run(AbstractRemoteTestNG.java:114)
at org.testng.remote.RemoteTestNG.initAndRun(RemoteTestNG.java:251)
at org.testng.remote.RemoteTestNG.main(RemoteTestNG.java:77)
]]>
            </full-stacktrace>
          </exception> <!-- java.lang.AssertionError -->
          <reporter-output>
          </reporter-output>
        </test-method> <!-- tc29_pLPShopByTest -->
        <test-method status="PASS" signature="closeApp()[pri:0, instance:com.michaels.mobile.test.TC29_PLPShopByTest@4eb7f003]" name="closeApp" is-config="true" duration-ms="7842" started-at="2018-09-27T12:58:20Z" finished-at="2018-09-27T12:58:28Z">
          <reporter-output>
          </reporter-output>
        </test-method> <!-- closeApp -->
      </class> <!-- com.michaels.mobile.test.TC29_PLPShopByTest -->
    </test> <!-- Test -->
  </suite> <!-- Suite -->
</testng-results>
