<html>
<head>
<title>TestNG:  Test(failed)</title>
<link href="../testng.css" rel="stylesheet" type="text/css" />
<link href="../my-testng.css" rel="stylesheet" type="text/css" />

<style type="text/css">
.log { display: none;} 
.stack-trace { display: none;} 
</style>
<script type="text/javascript">
<!--
function flip(e) {
  current = e.style.display;
  if (current == 'block') {
    e.style.display = 'none';
    return 0;
  }
  else {
    e.style.display = 'block';
    return 1;
  }
}

function toggleBox(szDivId, elem, msg1, msg2)
{
  var res = -1;  if (document.getElementById) {
    res = flip(document.getElementById(szDivId));
  }
  else if (document.all) {
    // this is the way old msie versions work
    res = flip(document.all[szDivId]);
  }
  if(elem) {
    if(res == 0) elem.innerHTML = msg1; else elem.innerHTML = msg2;
  }

}

function toggleAllBoxes() {
  if (document.getElementsByTagName) {
    d = document.getElementsByTagName('div');
    for (i = 0; i < d.length; i++) {
      if (d[i].className == 'log') {
        flip(d[i]);
      }
    }
  }
}

// -->
</script>

</head>
<body>
<h2 align='center'>Test(failed)</h2><table border='1' align="center">
<tr>
<td>Tests passed/Failed/Skipped:</td><td>10/4/0</td>
</tr><tr>
<td>Started on:</td><td>Thu Sep 27 11:27:41 IST 2018</td>
</tr>
<tr><td>Total time:</td><td>2802 seconds (2802900 ms)</td>
</tr><tr>
<td>Included groups:</td><td></td>
</tr><tr>
<td>Excluded groups:</td><td></td>
</tr>
</table><p/>
<small><i>(Hover the method name to see the test class name)</i></small><p/>
<table width='100%' border='1' class='invocation-failed'>
<tr><td colspan='4' align='center'><b>FAILED TESTS</b></td></tr>
<tr><td><b>Test method</b></td>
<td width="30%"><b>Exception</b></td>
<td width="10%"><b>Time (seconds)</b></td>
<td><b>Instance</b></td>
</tr>
<tr>
<td title='com.michaels.mobile.test.TC39_TextSearchOneProductIdTest.tc39_textSearchOneProductIdTest()'><b>tc39_textSearchOneProductIdTest</b><br>Test class: com.michaels.mobile.test.TC39_TextSearchOneProductIdTest</td>
<td><div><pre>java.lang.AssertionError: ******* Test Case FAILED ******* tc39_textSearchOneProductIdTest expected [true] but found [false]
	at com.michaels.mobile.test.DriverTest.failTestCase(DriverTest.java:109)
	at com.michaels.mobile.test.TC39_TextSearchOneProductIdTest.tc39_textSearchOneProductIdTest(TC39_TextSearchOneProductIdTest.java:36)
... Removed 28 stack frames</pre></div><a href='#' onClick='toggleBox("stack-trace1179791297", this, "Click to show all stack frames", "Click to hide stack frames")'>Click to show all stack frames</a>
<div class='stack-trace' id='stack-trace1179791297'><pre>java.lang.AssertionError: ******* Test Case FAILED ******* tc39_textSearchOneProductIdTest expected [true] but found [false]
	at org.testng.Assert.fail(Assert.java:96)
	at org.testng.Assert.failNotEquals(Assert.java:776)
	at org.testng.Assert.assertTrue(Assert.java:44)
	at com.michaels.mobile.test.DriverTest.failTestCase(DriverTest.java:109)
	at com.michaels.mobile.test.TC39_TextSearchOneProductIdTest.tc39_textSearchOneProductIdTest(TC39_TextSearchOneProductIdTest.java:36)
	at sun.reflect.NativeMethodAccessorImpl.invoke0(Native Method)
	at sun.reflect.NativeMethodAccessorImpl.invoke(Unknown Source)
	at sun.reflect.DelegatingMethodAccessorImpl.invoke(Unknown Source)
	at java.lang.reflect.Method.invoke(Unknown Source)
	at org.testng.internal.MethodInvocationHelper.invokeMethod(MethodInvocationHelper.java:124)
	at org.testng.internal.Invoker.invokeMethod(Invoker.java:580)
	at org.testng.internal.Invoker.invokeTestMethod(Invoker.java:716)
	at org.testng.internal.Invoker.invokeTestMethods(Invoker.java:988)
	at org.testng.internal.TestMethodWorker.invokeTestMethods(TestMethodWorker.java:125)
	at org.testng.internal.TestMethodWorker.run(TestMethodWorker.java:109)
	at org.testng.TestRunner.privateRun(TestRunner.java:648)
	at org.testng.TestRunner.run(TestRunner.java:505)
	at org.testng.SuiteRunner.runTest(SuiteRunner.java:455)
	at org.testng.SuiteRunner.runSequentially(SuiteRunner.java:450)
	at org.testng.SuiteRunner.privateRun(SuiteRunner.java:415)
	at org.testng.SuiteRunner.run(SuiteRunner.java:364)
	at org.testng.SuiteRunnerWorker.runSuite(SuiteRunnerWorker.java:52)
	at org.testng.SuiteRunnerWorker.run(SuiteRunnerWorker.java:84)
	at org.testng.TestNG.runSuitesSequentially(TestNG.java:1208)
	at org.testng.TestNG.runSuitesLocally(TestNG.java:1137)
	at org.testng.TestNG.runSuites(TestNG.java:1049)
	at org.testng.TestNG.run(TestNG.java:1017)
	at org.testng.remote.AbstractRemoteTestNG.run(AbstractRemoteTestNG.java:114)
	at org.testng.remote.RemoteTestNG.initAndRun(RemoteTestNG.java:251)
	at org.testng.remote.RemoteTestNG.main(RemoteTestNG.java:77)
</pre></div></td>
<td>24</td>
<td>com.michaels.mobile.test.TC39_TextSearchOneProductIdTest@28f2a10f</td></tr>
<tr>
<td title='com.michaels.mobile.test.TC56_PJDPFindItTest.tc56_pJDPFindItTest()'><b>tc56_pJDPFindItTest</b><br>Test class: com.michaels.mobile.test.TC56_PJDPFindItTest</td>
<td><div><pre>java.lang.AssertionError: ******* Test Case FAILED ******* tc56_pJDPFindItTest expected [true] but found [false]
	at com.michaels.mobile.test.DriverTest.failTestCase(DriverTest.java:109)
	at com.michaels.mobile.test.TC56_PJDPFindItTest.tc56_pJDPFindItTest(TC56_PJDPFindItTest.java:48)
... Removed 28 stack frames</pre></div><a href='#' onClick='toggleBox("stack-trace798311301", this, "Click to show all stack frames", "Click to hide stack frames")'>Click to show all stack frames</a>
<div class='stack-trace' id='stack-trace798311301'><pre>java.lang.AssertionError: ******* Test Case FAILED ******* tc56_pJDPFindItTest expected [true] but found [false]
	at org.testng.Assert.fail(Assert.java:96)
	at org.testng.Assert.failNotEquals(Assert.java:776)
	at org.testng.Assert.assertTrue(Assert.java:44)
	at com.michaels.mobile.test.DriverTest.failTestCase(DriverTest.java:109)
	at com.michaels.mobile.test.TC56_PJDPFindItTest.tc56_pJDPFindItTest(TC56_PJDPFindItTest.java:48)
	at sun.reflect.NativeMethodAccessorImpl.invoke0(Native Method)
	at sun.reflect.NativeMethodAccessorImpl.invoke(Unknown Source)
	at sun.reflect.DelegatingMethodAccessorImpl.invoke(Unknown Source)
	at java.lang.reflect.Method.invoke(Unknown Source)
	at org.testng.internal.MethodInvocationHelper.invokeMethod(MethodInvocationHelper.java:124)
	at org.testng.internal.Invoker.invokeMethod(Invoker.java:580)
	at org.testng.internal.Invoker.invokeTestMethod(Invoker.java:716)
	at org.testng.internal.Invoker.invokeTestMethods(Invoker.java:988)
	at org.testng.internal.TestMethodWorker.invokeTestMethods(TestMethodWorker.java:125)
	at org.testng.internal.TestMethodWorker.run(TestMethodWorker.java:109)
	at org.testng.TestRunner.privateRun(TestRunner.java:648)
	at org.testng.TestRunner.run(TestRunner.java:505)
	at org.testng.SuiteRunner.runTest(SuiteRunner.java:455)
	at org.testng.SuiteRunner.runSequentially(SuiteRunner.java:450)
	at org.testng.SuiteRunner.privateRun(SuiteRunner.java:415)
	at org.testng.SuiteRunner.run(SuiteRunner.java:364)
	at org.testng.SuiteRunnerWorker.runSuite(SuiteRunnerWorker.java:52)
	at org.testng.SuiteRunnerWorker.run(SuiteRunnerWorker.java:84)
	at org.testng.TestNG.runSuitesSequentially(TestNG.java:1208)
	at org.testng.TestNG.runSuitesLocally(TestNG.java:1137)
	at org.testng.TestNG.runSuites(TestNG.java:1049)
	at org.testng.TestNG.run(TestNG.java:1017)
	at org.testng.remote.AbstractRemoteTestNG.run(AbstractRemoteTestNG.java:114)
	at org.testng.remote.RemoteTestNG.initAndRun(RemoteTestNG.java:251)
	at org.testng.remote.RemoteTestNG.main(RemoteTestNG.java:77)
</pre></div></td>
<td>143</td>
<td>com.michaels.mobile.test.TC56_PJDPFindItTest@47faa49c</td></tr>
<tr>
<td title='com.michaels.mobile.test.TC58_CouponsListWithoutStoreSetTest.tc58_couponsListWithoutStoreSetTest()'><b>tc58_couponsListWithoutStoreSetTest</b><br>Test class: com.michaels.mobile.test.TC58_CouponsListWithoutStoreSetTest</td>
<td><div><pre>java.lang.AssertionError:  Unable to Navigate to Coupons Page expected [true] but found [false]
	at com.michaels.mobile.test.TC58_CouponsListWithoutStoreSetTest.tc58_couponsListWithoutStoreSetTest(TC58_CouponsListWithoutStoreSetTest.java:47)
... Removed 28 stack frames</pre></div><a href='#' onClick='toggleBox("stack-trace795442471", this, "Click to show all stack frames", "Click to hide stack frames")'>Click to show all stack frames</a>
<div class='stack-trace' id='stack-trace795442471'><pre>java.lang.AssertionError:  Unable to Navigate to Coupons Page expected [true] but found [false]
	at org.testng.Assert.fail(Assert.java:96)
	at org.testng.Assert.failNotEquals(Assert.java:776)
	at org.testng.Assert.assertTrue(Assert.java:44)
	at com.michaels.mobile.test.TC58_CouponsListWithoutStoreSetTest.tc58_couponsListWithoutStoreSetTest(TC58_CouponsListWithoutStoreSetTest.java:47)
	at sun.reflect.NativeMethodAccessorImpl.invoke0(Native Method)
	at sun.reflect.NativeMethodAccessorImpl.invoke(Unknown Source)
	at sun.reflect.DelegatingMethodAccessorImpl.invoke(Unknown Source)
	at java.lang.reflect.Method.invoke(Unknown Source)
	at org.testng.internal.MethodInvocationHelper.invokeMethod(MethodInvocationHelper.java:124)
	at org.testng.internal.Invoker.invokeMethod(Invoker.java:580)
	at org.testng.internal.Invoker.invokeTestMethod(Invoker.java:716)
	at org.testng.internal.Invoker.invokeTestMethods(Invoker.java:988)
	at org.testng.internal.TestMethodWorker.invokeTestMethods(TestMethodWorker.java:125)
	at org.testng.internal.TestMethodWorker.run(TestMethodWorker.java:109)
	at org.testng.TestRunner.privateRun(TestRunner.java:648)
	at org.testng.TestRunner.run(TestRunner.java:505)
	at org.testng.SuiteRunner.runTest(SuiteRunner.java:455)
	at org.testng.SuiteRunner.runSequentially(SuiteRunner.java:450)
	at org.testng.SuiteRunner.privateRun(SuiteRunner.java:415)
	at org.testng.SuiteRunner.run(SuiteRunner.java:364)
	at org.testng.SuiteRunnerWorker.runSuite(SuiteRunnerWorker.java:52)
	at org.testng.SuiteRunnerWorker.run(SuiteRunnerWorker.java:84)
	at org.testng.TestNG.runSuitesSequentially(TestNG.java:1208)
	at org.testng.TestNG.runSuitesLocally(TestNG.java:1137)
	at org.testng.TestNG.runSuites(TestNG.java:1049)
	at org.testng.TestNG.run(TestNG.java:1017)
	at org.testng.remote.AbstractRemoteTestNG.run(AbstractRemoteTestNG.java:114)
	at org.testng.remote.RemoteTestNG.initAndRun(RemoteTestNG.java:251)
	at org.testng.remote.RemoteTestNG.main(RemoteTestNG.java:77)
</pre></div></td>
<td>65</td>
<td>com.michaels.mobile.test.TC58_CouponsListWithoutStoreSetTest@4229bb3f</td></tr>
<tr>
<td title='com.michaels.mobile.test.TC65_RewardsProfileSetUpWithCreateAccountTest.tc65_rewardsProfileSetUpWithCreateAccountTest()'><b>tc65_rewardsProfileSetUpWithCreateAccountTest</b><br>Test class: com.michaels.mobile.test.TC65_RewardsProfileSetUpWithCreateAccountTest</td>
<td><div><pre>java.lang.AssertionError:  Unable to Create Account expected [true] but found [false]
	at com.michaels.mobile.test.TC65_RewardsProfileSetUpWithCreateAccountTest.tc65_rewardsProfileSetUpWithCreateAccountTest(TC65_RewardsProfileSetUpWithCreateAccountTest.java:50)
... Removed 28 stack frames</pre></div><a href='#' onClick='toggleBox("stack-trace1685499568", this, "Click to show all stack frames", "Click to hide stack frames")'>Click to show all stack frames</a>
<div class='stack-trace' id='stack-trace1685499568'><pre>java.lang.AssertionError:  Unable to Create Account expected [true] but found [false]
	at org.testng.Assert.fail(Assert.java:96)
	at org.testng.Assert.failNotEquals(Assert.java:776)
	at org.testng.Assert.assertTrue(Assert.java:44)
	at com.michaels.mobile.test.TC65_RewardsProfileSetUpWithCreateAccountTest.tc65_rewardsProfileSetUpWithCreateAccountTest(TC65_RewardsProfileSetUpWithCreateAccountTest.java:50)
	at sun.reflect.NativeMethodAccessorImpl.invoke0(Native Method)
	at sun.reflect.NativeMethodAccessorImpl.invoke(Unknown Source)
	at sun.reflect.DelegatingMethodAccessorImpl.invoke(Unknown Source)
	at java.lang.reflect.Method.invoke(Unknown Source)
	at org.testng.internal.MethodInvocationHelper.invokeMethod(MethodInvocationHelper.java:124)
	at org.testng.internal.Invoker.invokeMethod(Invoker.java:580)
	at org.testng.internal.Invoker.invokeTestMethod(Invoker.java:716)
	at org.testng.internal.Invoker.invokeTestMethods(Invoker.java:988)
	at org.testng.internal.TestMethodWorker.invokeTestMethods(TestMethodWorker.java:125)
	at org.testng.internal.TestMethodWorker.run(TestMethodWorker.java:109)
	at org.testng.TestRunner.privateRun(TestRunner.java:648)
	at org.testng.TestRunner.run(TestRunner.java:505)
	at org.testng.SuiteRunner.runTest(SuiteRunner.java:455)
	at org.testng.SuiteRunner.runSequentially(SuiteRunner.java:450)
	at org.testng.SuiteRunner.privateRun(SuiteRunner.java:415)
	at org.testng.SuiteRunner.run(SuiteRunner.java:364)
	at org.testng.SuiteRunnerWorker.runSuite(SuiteRunnerWorker.java:52)
	at org.testng.SuiteRunnerWorker.run(SuiteRunnerWorker.java:84)
	at org.testng.TestNG.runSuitesSequentially(TestNG.java:1208)
	at org.testng.TestNG.runSuitesLocally(TestNG.java:1137)
	at org.testng.TestNG.runSuites(TestNG.java:1049)
	at org.testng.TestNG.run(TestNG.java:1017)
	at org.testng.remote.AbstractRemoteTestNG.run(AbstractRemoteTestNG.java:114)
	at org.testng.remote.RemoteTestNG.initAndRun(RemoteTestNG.java:251)
	at org.testng.remote.RemoteTestNG.main(RemoteTestNG.java:77)
</pre></div></td>
<td>242</td>
<td>com.michaels.mobile.test.TC65_RewardsProfileSetUpWithCreateAccountTest@169e6180</td></tr>
</table><p>
<table width='100%' border='1' class='invocation-passed'>
<tr><td colspan='4' align='center'><b>PASSED TESTS</b></td></tr>
<tr><td><b>Test method</b></td>
<td width="30%"><b>Exception</b></td>
<td width="10%"><b>Time (seconds)</b></td>
<td><b>Instance</b></td>
</tr>
<tr>
<td title='com.michaels.mobile.test.TC49_SetFavouriteStoreFromMoreTest.tc11_setFavouriteStoreUsingZipCodeTest()'><b>tc11_setFavouriteStoreUsingZipCodeTest</b><br>Test class: com.michaels.mobile.test.TC49_SetFavouriteStoreFromMoreTest</td>
<td></td>
<td>96</td>
<td>com.michaels.mobile.test.TC49_SetFavouriteStoreFromMoreTest@56cdfb3b</td></tr>
<tr>
<td title='com.michaels.mobile.test.TC41_TextSearchFrenchOneWordTest.tc41_textSearchFrenchOneWordTest()'><b>tc41_textSearchFrenchOneWordTest</b><br>Test class: com.michaels.mobile.test.TC41_TextSearchFrenchOneWordTest</td>
<td></td>
<td>75</td>
<td>com.michaels.mobile.test.TC41_TextSearchFrenchOneWordTest@f736069</td></tr>
<tr>
<td title='com.michaels.mobile.test.TC42_TextSearchFrenchTwoWordTest.tc42_textSearchFrenchTwoWordTest()'><b>tc42_textSearchFrenchTwoWordTest</b><br>Test class: com.michaels.mobile.test.TC42_TextSearchFrenchTwoWordTest</td>
<td></td>
<td>74</td>
<td>com.michaels.mobile.test.TC42_TextSearchFrenchTwoWordTest@20ccf40b</td></tr>
<tr>
<td title='com.michaels.mobile.test.TC44_SignInFromMyListScreenTest.tc44_signInFromMyListScreenTest()'><b>tc44_signInFromMyListScreenTest</b><br>Test class: com.michaels.mobile.test.TC44_SignInFromMyListScreenTest</td>
<td></td>
<td>83</td>
<td>com.michaels.mobile.test.TC44_SignInFromMyListScreenTest@2fb3536e</td></tr>
<tr>
<td title='com.michaels.mobile.test.TC50_StoreInfoTest.tc50_storeInfoTest()'><b>tc50_storeInfoTest</b><br>Test class: com.michaels.mobile.test.TC50_StoreInfoTest</td>
<td></td>
<td>107</td>
<td>com.michaels.mobile.test.TC50_StoreInfoTest@35aea049</td></tr>
<tr>
<td title='com.michaels.mobile.test.TC51_CouponAddToWalletfromHomeTest.tc51_couponAddToWalletfromHomeTest()'><b>tc51_couponAddToWalletfromHomeTest</b><br>Test class: com.michaels.mobile.test.TC51_CouponAddToWalletfromHomeTest</td>
<td></td>
<td>116</td>
<td>com.michaels.mobile.test.TC51_CouponAddToWalletfromHomeTest@7fee8714</td></tr>
<tr>
<td title='com.michaels.mobile.test.TC60_CouponsViewRestrictionsTest.tc60_couponsViewRestrictionsTest()'><b>tc60_couponsViewRestrictionsTest</b><br>Test class: com.michaels.mobile.test.TC60_CouponsViewRestrictionsTest</td>
<td></td>
<td>111</td>
<td>com.michaels.mobile.test.TC60_CouponsViewRestrictionsTest@6da21078</td></tr>
<tr>
<td title='com.michaels.mobile.test.TC61_CouponDetailsCloseButtonTest.tc61_couponDetailsCloseButtonTest()'><b>tc61_couponDetailsCloseButtonTest</b><br>Test class: com.michaels.mobile.test.TC61_CouponDetailsCloseButtonTest</td>
<td></td>
<td>115</td>
<td>com.michaels.mobile.test.TC61_CouponDetailsCloseButtonTest@3232a28a</td></tr>
<tr>
<td title='com.michaels.mobile.test.TC62_CouponAddToWalletTest.tc62_couponAddToWalletTest()'><b>tc62_couponAddToWalletTest</b><br>Test class: com.michaels.mobile.test.TC62_CouponAddToWalletTest</td>
<td></td>
<td>115</td>
<td>com.michaels.mobile.test.TC62_CouponAddToWalletTest@2b91004a</td></tr>
<tr>
<td title='com.michaels.mobile.test.TC64_RewardsProfileSetupFromMoreMenuTest.tc64_rewardsProfileSetupFromMoreMenuTest()'><b>tc64_rewardsProfileSetupFromMoreMenuTest</b><br>Test class: com.michaels.mobile.test.TC64_RewardsProfileSetupFromMoreMenuTest</td>
<td></td>
<td>237</td>
<td>com.michaels.mobile.test.TC64_RewardsProfileSetupFromMoreMenuTest@73e22a3d</td></tr>
</table><p>
</body>
</html>