<?xml version="1.0" encoding="UTF-8"?>
<!-- Generated by org.testng.reporters.JUnitXMLReporter -->
<testsuite hostname="kh170_temp" ignored="0" name="Test(failed)" tests="14" failures="4" timestamp="27 Sep 2018 06:44:24 GMT" time="2802.9" errors="0">
  <testcase name="tc61_couponDetailsCloseButtonTest" time="115.78" classname="com.michaels.mobile.test.TC61_CouponDetailsCloseButtonTest"/>
  <testcase name="tc64_rewardsProfileSetupFromMoreMenuTest" time="237.127" classname="com.michaels.mobile.test.TC64_RewardsProfileSetupFromMoreMenuTest"/>
  <testcase name="tc56_pJDPFindItTest" time="143.67" classname="com.michaels.mobile.test.TC56_PJDPFindItTest">
    <failure type="java.lang.AssertionError" message="******* Test Case FAILED ******* tc56_pJDPFindItTest expected [true] but found [false]">
      <![CDATA[java.lang.AssertionError: ******* Test Case FAILED ******* tc56_pJDPFindItTest expected [true] but found [false]
at com.michaels.mobile.test.DriverTest.failTestCase(DriverTest.java:109)
at com.michaels.mobile.test.TC56_PJDPFindItTest.tc56_pJDPFindItTest(TC56_PJDPFindItTest.java:48)
... Removed 28 stack frames]]>
    </failure>
  </testcase> <!-- tc56_pJDPFindItTest -->
  <testcase name="tc39_textSearchOneProductIdTest" time="24.97" classname="com.michaels.mobile.test.TC39_TextSearchOneProductIdTest">
    <failure type="java.lang.AssertionError" message="******* Test Case FAILED ******* tc39_textSearchOneProductIdTest expected [true] but found [false]">
      <![CDATA[java.lang.AssertionError: ******* Test Case FAILED ******* tc39_textSearchOneProductIdTest expected [true] but found [false]
at com.michaels.mobile.test.DriverTest.failTestCase(DriverTest.java:109)
at com.michaels.mobile.test.TC39_TextSearchOneProductIdTest.tc39_textSearchOneProductIdTest(TC39_TextSearchOneProductIdTest.java:36)
... Removed 28 stack frames]]>
    </failure>
  </testcase> <!-- tc39_textSearchOneProductIdTest -->
  <testcase name="tc41_textSearchFrenchOneWordTest" time="75.397" classname="com.michaels.mobile.test.TC41_TextSearchFrenchOneWordTest"/>
  <testcase name="tc60_couponsViewRestrictionsTest" time="111.364" classname="com.michaels.mobile.test.TC60_CouponsViewRestrictionsTest"/>
  <testcase name="tc51_couponAddToWalletfromHomeTest" time="116.307" classname="com.michaels.mobile.test.TC51_CouponAddToWalletfromHomeTest"/>
  <testcase name="tc58_couponsListWithoutStoreSetTest" time="65.786" classname="com.michaels.mobile.test.TC58_CouponsListWithoutStoreSetTest">
    <failure type="java.lang.AssertionError" message=" Unable to Navigate to Coupons Page expected [true] but found [false]">
      <![CDATA[java.lang.AssertionError:  Unable to Navigate to Coupons Page expected [true] but found [false]
at com.michaels.mobile.test.TC58_CouponsListWithoutStoreSetTest.tc58_couponsListWithoutStoreSetTest(TC58_CouponsListWithoutStoreSetTest.java:47)
... Removed 28 stack frames]]>
    </failure>
  </testcase> <!-- tc58_couponsListWithoutStoreSetTest -->
  <testcase name="tc11_setFavouriteStoreUsingZipCodeTest" time="96.134" classname="com.michaels.mobile.test.TC49_SetFavouriteStoreFromMoreTest"/>
  <testcase name="tc62_couponAddToWalletTest" time="115.337" classname="com.michaels.mobile.test.TC62_CouponAddToWalletTest"/>
  <testcase name="tc42_textSearchFrenchTwoWordTest" time="74.361" classname="com.michaels.mobile.test.TC42_TextSearchFrenchTwoWordTest"/>
  <testcase name="tc44_signInFromMyListScreenTest" time="83.417" classname="com.michaels.mobile.test.TC44_SignInFromMyListScreenTest"/>
  <testcase name="tc65_rewardsProfileSetUpWithCreateAccountTest" time="242.036" classname="com.michaels.mobile.test.TC65_RewardsProfileSetUpWithCreateAccountTest">
    <failure type="java.lang.AssertionError" message=" Unable to Create Account expected [true] but found [false]">
      <![CDATA[java.lang.AssertionError:  Unable to Create Account expected [true] but found [false]
at com.michaels.mobile.test.TC65_RewardsProfileSetUpWithCreateAccountTest.tc65_rewardsProfileSetUpWithCreateAccountTest(TC65_RewardsProfileSetUpWithCreateAccountTest.java:50)
... Removed 28 stack frames]]>
    </failure>
  </testcase> <!-- tc65_rewardsProfileSetUpWithCreateAccountTest -->
  <testcase name="tc50_storeInfoTest" time="107.098" classname="com.michaels.mobile.test.TC50_StoreInfoTest"/>
</testsuite> <!-- Test(failed) -->
