<?xml version="1.0" encoding="UTF-8"?>
<!-- Generated by org.testng.reporters.JUnitXMLReporter -->
<testsuite hostname="kh170_temp" name="Test" tests="63" failures="15" timestamp="4 Oct 2018 20:26:26 GMT" time="11898.06" errors="0">
  <testcase name="tC01_appGuideTest" time="42.791" classname="com.michaels.mobile.test.TC01_AppGuideTest"/>
  <testcase name="tc02_homePageTest" time="12.592" classname="com.michaels.mobile.test.TC02_HomePageTest"/>
  <testcase name="tc03_appGuideSignInTest" time="77.719" classname="com.michaels.mobile.test.TC03_AppGuideSignInTest"/>
  <testcase name="tc04_createAccountAppGuideTest" time="141.046" classname="com.michaels.mobile.test.TC04_CreateAccountAppGuideTest"/>
  <testcase name="tc05_createAccountSignInTest" time="152.54" classname="com.michaels.mobile.test.TC05_CreateAccountSignInTest"/>
  <testcase name="tc06_tc07_homeTileClickTest" time="88.697" classname="com.michaels.mobile.test.TC06_TC07_HomeTileClickTest"/>
  <testcase name="tc06_tc07_homeTileClickTest" time="27.996" classname="com.michaels.mobile.test.TC07_HomeTileClickTest">
    <failure type="java.lang.AssertionError" message="******* Test Case FAILED ******* tc06_tc07_homeTileClickTest expected [true] but found [false]">
      <![CDATA[java.lang.AssertionError: ******* Test Case FAILED ******* tc06_tc07_homeTileClickTest expected [true] but found [false]
	at com.michaels.mobile.test.DriverTest.failTestCase(DriverTest.java:120)
	at com.michaels.mobile.test.TC07_HomeTileClickTest.tc06_tc07_homeTileClickTest(TC07_HomeTileClickTest.java:29)
... Removed 31 stack frames]]>
    </failure>
  </testcase> <!-- tc06_tc07_homeTileClickTest -->
  <testcase name="tc08_homePageCarouselTest" time="46.167" classname="com.michaels.mobile.test.TC08_HomePageCarouselTest"/>
  <testcase name="tc09_homeCarouselClickNavigateTest" time="37.366" classname="com.michaels.mobile.test.TC09_HomeCarouselClickNavigateTest">
    <failure type="java.lang.AssertionError" message="******* Test Case FAILED ******* tc09_homeCarouselClickNavigateTest expected [true] but found [false]">
      <![CDATA[java.lang.AssertionError: ******* Test Case FAILED ******* tc09_homeCarouselClickNavigateTest expected [true] but found [false]
	at com.michaels.mobile.test.DriverTest.failTestCase(DriverTest.java:120)
	at com.michaels.mobile.test.TC09_HomeCarouselClickNavigateTest.tc09_homeCarouselClickNavigateTest(TC09_HomeCarouselClickNavigateTest.java:29)
... Removed 31 stack frames]]>
    </failure>
  </testcase> <!-- tc09_homeCarouselClickNavigateTest -->
  <testcase name="tc10_homeCarouselClickNavigateTest" time="39.164" classname="com.michaels.mobile.test.TC10_HomeCarouselClickNavigateTest">
    <failure type="java.lang.AssertionError" message="******* Test Case FAILED ******* tc10_homeCarouselClickNavigateTest expected [true] but found [false]">
      <![CDATA[java.lang.AssertionError: ******* Test Case FAILED ******* tc10_homeCarouselClickNavigateTest expected [true] but found [false]
	at com.michaels.mobile.test.DriverTest.failTestCase(DriverTest.java:120)
	at com.michaels.mobile.test.TC10_HomeCarouselClickNavigateTest.tc10_homeCarouselClickNavigateTest(TC10_HomeCarouselClickNavigateTest.java:29)
... Removed 31 stack frames]]>
    </failure>
  </testcase> <!-- tc10_homeCarouselClickNavigateTest -->
  <testcase name="tc11_setFavouriteStoreUsingZipCodeTest" time="106.912" classname="com.michaels.mobile.test.TC11_SetFavouriteStoreUsingZipCodeTest"/>
  <testcase name="tc12_setFavouriteStoreUsingAddressTest" time="107.408" classname="com.michaels.mobile.test.TC12_SetFavouriteStoreUsingAddressTest"/>
  <testcase name="tc13_changeFavouriteStoreTest" time="169.399" classname="com.michaels.mobile.test.TC13_ChangeFavouriteStoreTest"/>
  <testcase name="tc14_removeFavouriteStoreTest" time="114.836" classname="com.michaels.mobile.test.TC14_RemoveFavouriteStoreTest"/>
  <testcase name="tc15_callStoreTest" time="84.267" classname="com.michaels.mobile.test.TC15_CallStoreTest">
    <failure type="java.lang.AssertionError" message="******* Test Case FAILED ******* tc15_callStoreTest expected [true] but found [false]">
      <![CDATA[java.lang.AssertionError: ******* Test Case FAILED ******* tc15_callStoreTest expected [true] but found [false]
	at com.michaels.mobile.test.DriverTest.failTestCase(DriverTest.java:120)
	at com.michaels.mobile.test.TC15_CallStoreTest.tc15_callStoreTest(TC15_CallStoreTest.java:32)
... Removed 31 stack frames]]>
    </failure>
  </testcase> <!-- tc15_callStoreTest -->
  <testcase name="tc16_storeMapTest" time="111.74" classname="com.michaels.mobile.test.TC16_StoreMapTest"/>
  <testcase name="tc17_productWayFindingTest" time="133.571" classname="com.michaels.mobile.test.TC17_ProductWayFindingTest"/>
  <testcase name="tc18_productsListPageTest" time="77.435" classname="com.michaels.mobile.test.TC18_ProductsListPageTest"/>
  <testcase name="tc19_productsListPageScrollTest" time="76.071" classname="com.michaels.mobile.test.TC19_ProductsListPageScrollTest"/>
  <testcase name="tc20_productDetailsPageTest" time="49.729" classname="com.michaels.mobile.test.TC20_ProductDetailsPageTest">
    <failure type="java.lang.AssertionError" message="******* Test Case FAILED ******* tc20_productDetailsPageTest expected [true] but found [false]">
      <![CDATA[java.lang.AssertionError: ******* Test Case FAILED ******* tc20_productDetailsPageTest expected [true] but found [false]
	at com.michaels.mobile.test.DriverTest.failTestCase(DriverTest.java:120)
	at com.michaels.mobile.test.TC20_ProductDetailsPageTest.tc20_productDetailsPageTest(TC20_ProductDetailsPageTest.java:33)
... Removed 31 stack frames]]>
    </failure>
  </testcase> <!-- tc20_productDetailsPageTest -->
  <testcase name="tc21_couponsSignInTest" time="113.653" classname="com.michaels.mobile.test.TC21_CouponsSignInTest"/>
  <testcase name="tc22_productAddToMyListTest" time="143.707" classname="com.michaels.mobile.test.TC22_ProductAddToMyListTest"/>
  <testcase name="tc23_productAddToMyListNotSignedInTest" time="132.341" classname="com.michaels.mobile.test.TC23_ProductAddToMyListNotSignedInTest"/>
  <testcase name="tc24_productBuyOnlineTest" time="85.987" classname="com.michaels.mobile.test.TC24_ProductBuyOnlineTest"/>
  <testcase name="tc25_productCheckNearByStoresTest" time="151.508" classname="com.michaels.mobile.test.TC25_ProductCheckNearByStoresTest">
    <failure type="java.lang.AssertionError" message="******* Test Case FAILED ******* tc25_productCheckNearByStoresTest expected [true] but found [false]">
      <![CDATA[java.lang.AssertionError: ******* Test Case FAILED ******* tc25_productCheckNearByStoresTest expected [true] but found [false]
	at com.michaels.mobile.test.DriverTest.failTestCase(DriverTest.java:120)
	at com.michaels.mobile.test.TC25_ProductCheckNearByStoresTest.tc25_productCheckNearByStoresTest(TC25_ProductCheckNearByStoresTest.java:51)
... Removed 31 stack frames]]>
    </failure>
  </testcase> <!-- tc25_productCheckNearByStoresTest -->
  <testcase name="tc26_recommendedProductsPDPTest" time="84.422" classname="com.michaels.mobile.test.TC26_RecommendedProductsPDPTest">
    <failure type="java.lang.AssertionError" message="******* Test Case FAILED ******* tc26_recommendedProductsPDPTest expected [true] but found [false]">
      <![CDATA[java.lang.AssertionError: ******* Test Case FAILED ******* tc26_recommendedProductsPDPTest expected [true] but found [false]
	at com.michaels.mobile.test.DriverTest.failTestCase(DriverTest.java:120)
	at com.michaels.mobile.test.TC26_RecommendedProductsPDPTest.tc26_recommendedProductsPDPTest(TC26_RecommendedProductsPDPTest.java:47)
... Removed 31 stack frames]]>
    </failure>
  </testcase> <!-- tc26_recommendedProductsPDPTest -->
  <testcase name="tc27_showMoreUpto15ProductsTest" time="137.598" classname="com.michaels.mobile.test.TC27_ShowMoreUpto15ProductsTest"/>
  <testcase name="tc28_pLPSortByTest" time="90.043" classname="com.michaels.mobile.test.TC28_PLPSortByTest"/>
  <testcase name="tc29_pLPShopByTest" time="91.644" classname="com.michaels.mobile.test.TC29_PLPShopByTest"/>
  <testcase name="tc30_pLPRefineByTest" time="56.714" classname="com.michaels.mobile.test.TC30_PLPRefineByTest">
    <failure type="java.lang.AssertionError" message=" Unable to verify Products List page expected [true] but found [false]">
      <![CDATA[java.lang.AssertionError:  Unable to verify Products List page expected [true] but found [false]
	at com.michaels.mobile.test.TC30_PLPRefineByTest.tc30_pLPRefineByTest(TC30_PLPRefineByTest.java:35)
... Removed 31 stack frames]]>
    </failure>
  </testcase> <!-- tc30_pLPRefineByTest -->
  <testcase name="tc31_projectsLandingPageTest" time="46.925" classname="com.michaels.mobile.test.TC31_ProjectsLandingPageTest"/>
  <testcase name="tc32_projectsListPageTest" time="61.962" classname="com.michaels.mobile.test.TC32_ProjectsListPageTest"/>
  <testcase name="tc33_projectsListPageScrollTest" time="63.821" classname="com.michaels.mobile.test.TC33_ProjectsListPageScrollTest"/>
  <testcase name="tc34_projectDetailsPageTest" time="67.213" classname="com.michaels.mobile.test.TC34_ProjectDetailsPageTest"/>
  <testcase name="tc35_projectsBuyOnlineTest" time="93.356" classname="com.michaels.mobile.test.TC35_ProjectsBuyOnlineTest"/>
  <testcase name="tc36_pJLPRefineBySkillLevelTest" time="74.675" classname="com.michaels.mobile.test.TC36_PJLPRefineBySkillLevelTest"/>
  <testcase name="tc37_pJLPRefineByCraftingTimeTest" time="73.541" classname="com.michaels.mobile.test.TC37_PJLPRefineByCraftingTimeTest"/>
  <testcase name="tc38_textSearchOneWordTest" time="70.008" classname="com.michaels.mobile.test.TC38_TextSearchOneWordTest"/>
  <testcase name="tc39_textSearchOneProductIdTest" time="40.84" classname="com.michaels.mobile.test.TC39_TextSearchOneProductIdTest">
    <failure type="java.lang.AssertionError" message="******* Test Case FAILED ******* tc39_textSearchOneProductIdTest expected [true] but found [false]">
      <![CDATA[java.lang.AssertionError: ******* Test Case FAILED ******* tc39_textSearchOneProductIdTest expected [true] but found [false]
	at com.michaels.mobile.test.DriverTest.failTestCase(DriverTest.java:120)
	at com.michaels.mobile.test.TC39_TextSearchOneProductIdTest.tc39_textSearchOneProductIdTest(TC39_TextSearchOneProductIdTest.java:36)
... Removed 31 stack frames]]>
    </failure>
  </testcase> <!-- tc39_textSearchOneProductIdTest -->
  <testcase name="tc40_textSearchMorethan1WordTest" time="58.906" classname="com.michaels.mobile.test.TC40_TextSearchMorethan1WordTest"/>
  <testcase name="tc41_textSearchFrenchOneWordTest" time="80.675" classname="com.michaels.mobile.test.TC41_TextSearchFrenchOneWordTest"/>
  <testcase name="tc42_textSearchFrenchTwoWordTest" time="75.371" classname="com.michaels.mobile.test.TC42_TextSearchFrenchTwoWordTest"/>
  <testcase name="tc43_signInMoreMenuTest" time="87.667" classname="com.michaels.mobile.test.TC43_SignInMoreMenuTest"/>
  <testcase name="tc44_signInFromMyListScreenTest" time="87.952" classname="com.michaels.mobile.test.TC44_SignInFromMyListScreenTest"/>
  <testcase name="tc45_signInFromPDPTest" time="132.486" classname="com.michaels.mobile.test.TC45_SignInFromPDPTest"/>
  <testcase name="tc46_signInFromPJDPTest" time="123.949" classname="com.michaels.mobile.test.TC46_SignInFromPJDPTest"/>
  <testcase name="tc47_signInFromRewardsProgramInfoTest" time="61.175" classname="com.michaels.mobile.test.TC47_SignInFromRewardsProgramInfoTest">
    <failure type="java.lang.AssertionError" message="******* Test Case FAILED ******* tc47_signInFromRewardsProgramInfoTest expected [true] but found [false]">
      <![CDATA[java.lang.AssertionError: ******* Test Case FAILED ******* tc47_signInFromRewardsProgramInfoTest expected [true] but found [false]
	at com.michaels.mobile.test.DriverTest.failTestCase(DriverTest.java:120)
	at com.michaels.mobile.test.TC47_SignInFromRewardsProgramInfoTest.tc47_signInFromRewardsProgramInfoTest(TC47_SignInFromRewardsProgramInfoTest.java:50)
... Removed 31 stack frames]]>
    </failure>
  </testcase> <!-- tc47_signInFromRewardsProgramInfoTest -->
  <testcase name="tc48_signUpFromMoreMenuTest" time="155.144" classname="com.michaels.mobile.test.TC48_SignUpFromMoreMenuTest"/>
  <testcase name="tc49_setFavouriteStoreFromMoreTest" time="101.172" classname="com.michaels.mobile.test.TC49_SetFavouriteStoreFromMoreTest"/>
  <testcase name="tc50_storeInfoTest" time="106.944" classname="com.michaels.mobile.test.TC50_StoreInfoTest"/>
  <testcase name="tc51_couponAddToWalletfromHomeTest" time="119.002" classname="com.michaels.mobile.test.TC51_CouponAddToWalletfromHomeTest"/>
  <testcase name="tc52_projectsAddToMyListTest" time="130.89" classname="com.michaels.mobile.test.TC52_ProjectsAddToMyListTest"/>
  <testcase name="tc53_pJDPAddtoMyListNotLoggedIn" time="120.383" classname="com.michaels.mobile.test.TC53_PJDPAddtoMyListNotLoggedIn"/>
  <testcase name="tc56_pJDPFindItTest" time="14.339" classname="com.michaels.mobile.test.TC56_PJDPFindItTest">
    <failure type="java.lang.AssertionError" message=" Unable to Verify App Guide  expected [true] but found [false]">
      <![CDATA[java.lang.AssertionError:  Unable to Verify App Guide  expected [true] but found [false]
	at com.michaels.mobile.test.TC56_PJDPFindItTest.tc56_pJDPFindItTest(TC56_PJDPFindItTest.java:42)
... Removed 31 stack frames]]>
    </failure>
  </testcase> <!-- tc56_pJDPFindItTest -->
  <testcase name="tc57_homePageTilesTest" time="50.027" classname="com.michaels.mobile.test.TC57_HomePageTilesTest"/>
  <testcase name="tc58_couponsListWithoutStoreSetTest" time="98.147" classname="com.michaels.mobile.test.TC58_CouponsListWithoutStoreSetTest">
    <failure type="java.lang.AssertionError" message="******* Test Case FAILED ******* tc58_couponsListWithoutStoreSetTest expected [true] but found [false]">
      <![CDATA[java.lang.AssertionError: ******* Test Case FAILED ******* tc58_couponsListWithoutStoreSetTest expected [true] but found [false]
	at com.michaels.mobile.test.DriverTest.failTestCase(DriverTest.java:120)
	at com.michaels.mobile.test.TC58_CouponsListWithoutStoreSetTest.tc58_couponsListWithoutStoreSetTest(TC58_CouponsListWithoutStoreSetTest.java:51)
... Removed 31 stack frames]]>
    </failure>
  </testcase> <!-- tc58_couponsListWithoutStoreSetTest -->
  <testcase name="tc59_couponsListWithStoreSetTest" time="112.928" classname="com.michaels.mobile.test.TC59_CouponsListWithStoreSetTest"/>
  <testcase name="tc60_couponsViewRestrictionsTest" time="13.27" classname="com.michaels.mobile.test.TC60_CouponsViewRestrictionsTest">
    <failure type="java.lang.AssertionError" message=" Unable to Verify App Guide  expected [true] but found [false]">
      <![CDATA[java.lang.AssertionError:  Unable to Verify App Guide  expected [true] but found [false]
	at com.michaels.mobile.test.TC60_CouponsViewRestrictionsTest.tc60_couponsViewRestrictionsTest(TC60_CouponsViewRestrictionsTest.java:44)
... Removed 31 stack frames]]>
    </failure>
  </testcase> <!-- tc60_couponsViewRestrictionsTest -->
  <testcase name="tc61_couponDetailsCloseButtonTest" time="113.573" classname="com.michaels.mobile.test.TC61_CouponDetailsCloseButtonTest"/>
  <testcase name="tc62_couponAddToWalletTest" time="116.601" classname="com.michaels.mobile.test.TC62_CouponAddToWalletTest"/>
  <testcase name="tc63_couponsDoneButtonTest" time="116.595" classname="com.michaels.mobile.test.TC63_CouponsDoneButtonTest"/>
  <testcase name="tc64_rewardsProfileSetupFromMoreMenuTest" time="246.124" classname="com.michaels.mobile.test.TC64_RewardsProfileSetupFromMoreMenuTest">
    <failure type="java.lang.AssertionError" message=" Unable to Create Account expected [true] but found [false]">
      <![CDATA[java.lang.AssertionError:  Unable to Create Account expected [true] but found [false]
	at com.michaels.mobile.test.TC64_RewardsProfileSetupFromMoreMenuTest.tc64_rewardsProfileSetupFromMoreMenuTest(TC64_RewardsProfileSetupFromMoreMenuTest.java:54)
... Removed 31 stack frames]]>
    </failure>
  </testcase> <!-- tc64_rewardsProfileSetupFromMoreMenuTest -->
  <testcase name="tc65_rewardsProfileSetUpWithCreateAccountTest" time="12.891" classname="com.michaels.mobile.test.TC65_RewardsProfileSetUpWithCreateAccountTest">
    <failure type="java.lang.AssertionError" message=" Unable to Verify App Guide  expected [true] but found [false]">
      <![CDATA[java.lang.AssertionError:  Unable to Verify App Guide  expected [true] but found [false]
	at com.michaels.mobile.test.TC65_RewardsProfileSetUpWithCreateAccountTest.tc65_rewardsProfileSetUpWithCreateAccountTest(TC65_RewardsProfileSetUpWithCreateAccountTest.java:47)
... Removed 31 stack frames]]>
    </failure>
  </testcase> <!-- tc65_rewardsProfileSetUpWithCreateAccountTest -->
</testsuite> <!-- Test -->
