<?xml version="1.0" encoding="UTF-8"?>
<!-- Generated by org.testng.reporters.JUnitXMLReporter -->
<testsuite hostname="kh170_temp" name="Test(failed)(failed)" tests="3" failures="2" timestamp="29 Aug 2018 07:06:41 GMT" time="476.588" errors="0">
  <testcase name="verifyTileClick_TC06" time="91.733" classname="com.michaels.mobile.test.HomeTileClickTest">
    <failure type="java.lang.AssertionError" message="*****Test Case FAILED**** expected [true] but found [false]">
      <![CDATA[java.lang.AssertionError: *****Test Case FAILED**** expected [true] but found [false]
	at com.michaels.mobile.test.HomeTileClickTest.verifyTileClick_TC06(HomeTileClickTest.java:32)
... Removed 28 stack frames]]>
    </failure>
  </testcase> <!-- verifyTileClick_TC06 -->
  <testcase name="verify_Carousel" time="90.788" classname="com.michaels.mobile.test.HomeCarouselInAppTest"/>
  <testcase name="RecommendedProductsPDPTest_TC26" time="60.388" classname="com.michaels.mobile.test.RecommendedProductsPDPTest">
    <failure type="java.lang.AssertionError" message="*****Test Case FAILED**** expected [true] but found [false]">
      <![CDATA[java.lang.AssertionError: *****Test Case FAILED**** expected [true] but found [false]
	at com.michaels.mobile.test.RecommendedProductsPDPTest.RecommendedProductsPDPTest_TC26(RecommendedProductsPDPTest.java:51)
... Removed 28 stack frames]]>
    </failure>
  </testcase> <!-- RecommendedProductsPDPTest_TC26 -->
</testsuite> <!-- Test(failed)(failed) -->
