<?xml version="1.0" encoding="UTF-8"?>
<!-- Generated by org.testng.reporters.JUnitXMLReporter -->
<testsuite hostname="kh170_temp" ignored="0" name="Test" tests="1" failures="1" timestamp="27 Sep 2018 12:58:28 GMT" time="184.076" errors="0">
  <testcase name="tc29_pLPShopByTest" time="105.109" classname="com.michaels.mobile.test.TC29_PLPShopByTest">
    <failure type="java.lang.AssertionError" message="******* Test Case FAILED ******* tc29_pLPShopByTest expected [true] but found [false]">
      <![CDATA[java.lang.AssertionError: ******* Test Case FAILED ******* tc29_pLPShopByTest expected [true] but found [false]
at com.michaels.mobile.test.DriverTest.failTestCase(DriverTest.java:114)
at com.michaels.mobile.test.TC29_PLPShopByTest.tc29_pLPShopByTest(TC29_PLPShopByTest.java:39)
... Removed 28 stack frames]]>
    </failure>
  </testcase> <!-- tc29_pLPShopByTest -->
</testsuite> <!-- Test -->
